2021-06-14 14:27:59.682  INFO 7980 --- [restartedMain] com.fundoo.notes.FundooNotesApplication  : Starting FundooNotesApplication using Java 15.0.2 on DESKTOP-PSPH0JU with PID 7980 (C:\Users\Dell\git\FundooNotes\FundooNotes\target\classes started by Dell in C:\Users\Dell\git\FundooNotes\FundooNotes)
2021-06-14 14:27:59.733  INFO 7980 --- [restartedMain] com.fundoo.notes.FundooNotesApplication  : The following profiles are active: dev
2021-06-14 14:27:59.935  INFO 7980 --- [restartedMain] .e.DevToolsPropertyDefaultsPostProcessor : Devtools property defaults active! Set 'spring.devtools.add-properties' to 'false' to disable
2021-06-14 14:27:59.936  INFO 7980 --- [restartedMain] .e.DevToolsPropertyDefaultsPostProcessor : For additional web related logging consider setting the 'logging.level.web' property to 'DEBUG'
2021-06-14 14:28:03.727  INFO 7980 --- [restartedMain] .s.d.r.c.RepositoryConfigurationDelegate : Bootstrapping Spring Data JPA repositories in DEFAULT mode.
2021-06-14 14:28:04.156  INFO 7980 --- [restartedMain] .s.d.r.c.RepositoryConfigurationDelegate : Finished Spring Data repository scanning in 406 ms. Found 3 JPA repository interfaces.
2021-06-14 14:28:04.757  INFO 7980 --- [restartedMain] o.s.cloud.context.scope.GenericScope     : BeanFactory id=e2d33714-2d6b-3945-93ec-3513a3c6d349
2021-06-14 14:28:06.061  INFO 7980 --- [restartedMain] o.s.b.w.embedded.tomcat.TomcatWebServer  : Tomcat initialized with port(s): 8081 (http)
2021-06-14 14:28:06.075  INFO 7980 --- [restartedMain] o.apache.catalina.core.StandardService   : Starting service [Tomcat]
2021-06-14 14:28:06.076  INFO 7980 --- [restartedMain] org.apache.catalina.core.StandardEngine  : Starting Servlet engine: [Apache Tomcat/9.0.46]
2021-06-14 14:28:06.336  INFO 7980 --- [restartedMain] o.a.c.c.C.[Tomcat].[localhost].[/]       : Initializing Spring embedded WebApplicationContext
2021-06-14 14:28:06.337  INFO 7980 --- [restartedMain] w.s.c.ServletWebServerApplicationContext : Root WebApplicationContext: initialization completed in 6400 ms
2021-06-14 14:28:07.524  INFO 7980 --- [restartedMain] com.zaxxer.hikari.HikariDataSource       : HikariPool-1 - Starting...
2021-06-14 14:28:08.982  INFO 7980 --- [restartedMain] com.zaxxer.hikari.HikariDataSource       : HikariPool-1 - Start completed.
2021-06-14 14:28:14.931  INFO 7980 --- [restartedMain] j.LocalContainerEntityManagerFactoryBean : Initialized JPA EntityManagerFactory for persistence unit 'default'
2021-06-14 14:28:15.980  WARN 7980 --- [restartedMain] JpaBaseConfiguration$JpaWebConfiguration : spring.jpa.open-in-view is enabled by default. Therefore, database queries may be performed during view rendering. Explicitly configure spring.jpa.open-in-view to disable this warning
2021-06-14 14:28:16.342  INFO 7980 --- [restartedMain] o.s.b.d.a.OptionalLiveReloadServer       : LiveReload server is running on port 35729
2021-06-14 14:28:16.530  WARN 7980 --- [restartedMain] ion$DefaultTemplateResolverConfiguration : Cannot find template location: classpath:/templates/ (please add some templates or check your Thymeleaf configuration)
2021-06-14 14:28:16.929  INFO 7980 --- [restartedMain] DiscoveryClientOptionalArgsConfiguration : Eureka HTTP Client uses RestTemplate.
2021-06-14 14:28:17.127  WARN 7980 --- [restartedMain] iguration$LoadBalancerCaffeineWarnLogger : Spring Cloud LoadBalancer is currently working with the default cache. You can switch to using Caffeine cache, by adding it and org.springframework.cache.caffeine.CaffeineCacheManager to the classpath.
2021-06-14 14:28:17.218  INFO 7980 --- [restartedMain] o.s.c.n.eureka.InstanceInfoFactory       : Setting initial instance status as: STARTING
2021-06-14 14:28:17.359  INFO 7980 --- [restartedMain] com.netflix.discovery.DiscoveryClient    : Initializing Eureka in region us-east-1
2021-06-14 14:28:17.378  INFO 7980 --- [restartedMain] c.n.d.s.r.aws.ConfigClusterResolver      : Resolving eureka endpoints via configuration
2021-06-14 14:28:17.448  INFO 7980 --- [restartedMain] com.netflix.discovery.DiscoveryClient    : Disable delta property : false
2021-06-14 14:28:17.448  INFO 7980 --- [restartedMain] com.netflix.discovery.DiscoveryClient    : Single vip registry refresh property : null
2021-06-14 14:28:17.449  INFO 7980 --- [restartedMain] com.netflix.discovery.DiscoveryClient    : Force full registry fetch : false
2021-06-14 14:28:17.449  INFO 7980 --- [restartedMain] com.netflix.discovery.DiscoveryClient    : Application is null : false
2021-06-14 14:28:17.449  INFO 7980 --- [restartedMain] com.netflix.discovery.DiscoveryClient    : Registered Applications size is zero : true
2021-06-14 14:28:17.449  INFO 7980 --- [restartedMain] com.netflix.discovery.DiscoveryClient    : Application version is -1: true
2021-06-14 14:28:17.449  INFO 7980 --- [restartedMain] com.netflix.discovery.DiscoveryClient    : Getting all instance registry info from the eureka server
2021-06-14 14:28:18.834  INFO 7980 --- [restartedMain] com.netflix.discovery.DiscoveryClient    : The response status is 200
2021-06-14 14:28:18.842  INFO 7980 --- [restartedMain] com.netflix.discovery.DiscoveryClient    : Starting heartbeat executor: renew interval is: 30
2021-06-14 14:28:18.849  INFO 7980 --- [restartedMain] c.n.discovery.InstanceInfoReplicator     : InstanceInfoReplicator onDemand update allowed rate per min is 4
2021-06-14 14:28:18.865  INFO 7980 --- [restartedMain] com.netflix.discovery.DiscoveryClient    : Discovery Client initialized at timestamp 1623661098864 with initial instances count: 0
2021-06-14 14:28:18.868  INFO 7980 --- [restartedMain] o.s.c.n.e.s.EurekaServiceRegistry        : Registering application FUNDOONOTES with eureka with status UP
2021-06-14 14:28:18.869  INFO 7980 --- [restartedMain] com.netflix.discovery.DiscoveryClient    : Saw local status change event StatusChangeEvent [timestamp=1623661098869, current=UP, previous=STARTING]
2021-06-14 14:28:18.871  INFO 7980 --- [DiscoveryClient-InstanceInfoReplicator-0] com.netflix.discovery.DiscoveryClient    : DiscoveryClient_FUNDOONOTES/host.docker.internal:fundooNotes:8081: registering service...
2021-06-14 14:28:18.964  INFO 7980 --- [restartedMain] o.s.b.w.embedded.tomcat.TomcatWebServer  : Tomcat started on port(s): 8081 (http) with context path ''
2021-06-14 14:28:18.965  INFO 7980 --- [restartedMain] .s.c.n.e.s.EurekaAutoServiceRegistration : Updating port to 8081
2021-06-14 14:28:19.547  INFO 7980 --- [restartedMain] com.fundoo.notes.FundooNotesApplication  : Started FundooNotesApplication in 21.197 seconds (JVM running for 23.647)
2021-06-14 14:28:19.548  INFO 7980 --- [restartedMain] o.s.b.a.ApplicationAvailabilityBean      : Application availability state LivenessState changed to CORRECT
2021-06-14 14:28:19.552  INFO 7980 --- [restartedMain] o.s.b.a.ApplicationAvailabilityBean      : Application availability state ReadinessState changed to ACCEPTING_TRAFFIC
2021-06-14 14:28:19.607  INFO 7980 --- [DiscoveryClient-InstanceInfoReplicator-0] com.netflix.discovery.DiscoveryClient    : DiscoveryClient_FUNDOONOTES/host.docker.internal:fundooNotes:8081 - registration status: 204
2021-06-14 14:28:48.846  INFO 7980 --- [DiscoveryClient-CacheRefreshExecutor-0] com.netflix.discovery.DiscoveryClient    : Disable delta property : false
2021-06-14 14:28:48.846  INFO 7980 --- [DiscoveryClient-CacheRefreshExecutor-0] com.netflix.discovery.DiscoveryClient    : Single vip registry refresh property : null
2021-06-14 14:28:48.846  INFO 7980 --- [DiscoveryClient-CacheRefreshExecutor-0] com.netflix.discovery.DiscoveryClient    : Force full registry fetch : false
2021-06-14 14:28:48.847  INFO 7980 --- [DiscoveryClient-CacheRefreshExecutor-0] com.netflix.discovery.DiscoveryClient    : Application is null : false
2021-06-14 14:28:48.847  INFO 7980 --- [DiscoveryClient-CacheRefreshExecutor-0] com.netflix.discovery.DiscoveryClient    : Registered Applications size is zero : true
2021-06-14 14:28:48.847  INFO 7980 --- [DiscoveryClient-CacheRefreshExecutor-0] com.netflix.discovery.DiscoveryClient    : Application version is -1: false
2021-06-14 14:28:48.847  INFO 7980 --- [DiscoveryClient-CacheRefreshExecutor-0] com.netflix.discovery.DiscoveryClient    : Getting all instance registry info from the eureka server
2021-06-14 14:28:48.858  INFO 7980 --- [DiscoveryClient-CacheRefreshExecutor-0] com.netflix.discovery.DiscoveryClient    : The response status is 200
2021-06-14 14:33:17.455  INFO 7980 --- [AsyncResolver-bootstrap-executor-0] c.n.d.s.r.aws.ConfigClusterResolver      : Resolving eureka endpoints via configuration
2021-06-14 14:38:17.464  INFO 7980 --- [AsyncResolver-bootstrap-executor-0] c.n.d.s.r.aws.ConfigClusterResolver      : Resolving eureka endpoints via configuration
2021-06-14 14:43:17.472  INFO 7980 --- [AsyncResolver-bootstrap-executor-0] c.n.d.s.r.aws.ConfigClusterResolver      : Resolving eureka endpoints via configuration
2021-06-14 14:48:19.553  INFO 7980 --- [AsyncResolver-bootstrap-executor-0] c.n.d.s.r.aws.ConfigClusterResolver      : Resolving eureka endpoints via configuration
2021-06-14 14:53:19.565  INFO 7980 --- [AsyncResolver-bootstrap-executor-0] c.n.d.s.r.aws.ConfigClusterResolver      : Resolving eureka endpoints via configuration
2021-06-14 14:58:19.570  INFO 7980 --- [AsyncResolver-bootstrap-executor-0] c.n.d.s.r.aws.ConfigClusterResolver      : Resolving eureka endpoints via configuration
2021-06-14 15:03:19.573  INFO 7980 --- [AsyncResolver-bootstrap-executor-0] c.n.d.s.r.aws.ConfigClusterResolver      : Resolving eureka endpoints via configuration
2021-06-14 15:08:19.590  INFO 7980 --- [AsyncResolver-bootstrap-executor-0] c.n.d.s.r.aws.ConfigClusterResolver      : Resolving eureka endpoints via configuration
2021-06-14 15:13:19.594  INFO 7980 --- [AsyncResolver-bootstrap-executor-0] c.n.d.s.r.aws.ConfigClusterResolver      : Resolving eureka endpoints via configuration
2021-06-14 15:18:19.611  INFO 7980 --- [AsyncResolver-bootstrap-executor-0] c.n.d.s.r.aws.ConfigClusterResolver      : Resolving eureka endpoints via configuration
2021-06-14 15:23:19.615  INFO 7980 --- [AsyncResolver-bootstrap-executor-0] c.n.d.s.r.aws.ConfigClusterResolver      : Resolving eureka endpoints via configuration
2021-06-14 15:28:19.619  INFO 7980 --- [AsyncResolver-bootstrap-executor-0] c.n.d.s.r.aws.ConfigClusterResolver      : Resolving eureka endpoints via configuration
2021-06-14 15:33:19.633  INFO 7980 --- [AsyncResolver-bootstrap-executor-0] c.n.d.s.r.aws.ConfigClusterResolver      : Resolving eureka endpoints via configuration
2021-06-14 15:38:19.635  INFO 7980 --- [AsyncResolver-bootstrap-executor-0] c.n.d.s.r.aws.ConfigClusterResolver      : Resolving eureka endpoints via configuration
2021-06-14 15:43:19.647  INFO 7980 --- [AsyncResolver-bootstrap-executor-0] c.n.d.s.r.aws.ConfigClusterResolver      : Resolving eureka endpoints via configuration
2021-06-14 15:48:19.657  INFO 7980 --- [AsyncResolver-bootstrap-executor-0] c.n.d.s.r.aws.ConfigClusterResolver      : Resolving eureka endpoints via configuration
2021-06-14 15:53:19.663  INFO 7980 --- [AsyncResolver-bootstrap-executor-0] c.n.d.s.r.aws.ConfigClusterResolver      : Resolving eureka endpoints via configuration
